<?xml version="1.0" encoding="UTF-8"?>
<!-- Generated by org.testng.reporters.JUnitReportReporter -->
<testsuite hostname="DESKTOP-CLKKD43" failures="0" tests="3" name="TestCases.GroupX" time="50.326" errors="1" timestamp="2022-02-24T14:35:24 EET" skipped="0">
  <testcase classname="TestCases.GroupX" name="navigate_to_Nurse_Check_Block_Bed_UI" time="42.887"/>
  <system-out/>
  <testcase classname="TestCases.GroupX" name="navigate_to_Verify_Assign_Bed_UI" time="0.000">
    <error message="
Method public void TestCases.GroupX.navigate_to_Verify_Assign_Bed_UI(java.lang.String) requires a @DataProvider named : test_data" type="org.testng.TestNGException">
      <![CDATA[org.testng.TestNGException: 
Method public void TestCases.GroupX.navigate_to_Verify_Assign_Bed_UI(java.lang.String) requires a @DataProvider named : test_data
at org.testng.internal.Parameters.findDataProvider(Parameters.java:561)
at org.testng.internal.Parameters.handleParameters(Parameters.java:772)
at org.testng.internal.Parameters.handleParameters(Parameters.java:740)
at org.testng.internal.ParameterHandler.handleParameters(ParameterHandler.java:59)
at org.testng.internal.ParameterHandler.createParameters(ParameterHandler.java:38)
at org.testng.internal.TestInvoker$MethodInvocationAgent.invoke(TestInvoker.java:791)
at org.testng.internal.TestInvoker.invokeTestMethods(TestInvoker.java:146)
at org.testng.internal.TestMethodWorker.invokeTestMethods(TestMethodWorker.java:146)
at org.testng.internal.TestMethodWorker.run(TestMethodWorker.java:128)
at java.base/java.util.ArrayList.forEach(ArrayList.java:1511)
at org.testng.TestRunner.privateRun(TestRunner.java:794)
at org.testng.TestRunner.run(TestRunner.java:596)
at org.testng.SuiteRunner.runTest(SuiteRunner.java:377)
at org.testng.SuiteRunner.runSequentially(SuiteRunner.java:371)
at org.testng.SuiteRunner.privateRun(SuiteRunner.java:332)
at org.testng.SuiteRunner.run(SuiteRunner.java:276)
at org.testng.SuiteRunnerWorker.runSuite(SuiteRunnerWorker.java:53)
at org.testng.SuiteRunnerWorker.run(SuiteRunnerWorker.java:96)
at org.testng.TestNG.runSuitesSequentially(TestNG.java:1212)
at org.testng.TestNG.runSuitesLocally(TestNG.java:1134)
at org.testng.TestNG.runSuites(TestNG.java:1063)
at org.testng.TestNG.run(TestNG.java:1031)
at TestCases.UITestCases$2.actionPerformed(UITestCases.java:1198)
at java.desktop/javax.swing.AbstractButton.fireActionPerformed(AbstractButton.java:1972)
at java.desktop/javax.swing.AbstractButton$Handler.actionPerformed(AbstractButton.java:2313)
at java.desktop/javax.swing.DefaultButtonModel.fireActionPerformed(DefaultButtonModel.java:405)
at java.desktop/javax.swing.DefaultButtonModel.setPressed(DefaultButtonModel.java:262)
at java.desktop/javax.swing.plaf.basic.BasicButtonListener.mouseReleased(BasicButtonListener.java:279)
at java.desktop/java.awt.Component.processMouseEvent(Component.java:6617)
at java.desktop/javax.swing.JComponent.processMouseEvent(JComponent.java:3342)
at java.desktop/java.awt.Component.processEvent(Component.java:6382)
at java.desktop/java.awt.Container.processEvent(Container.java:2264)
at java.desktop/java.awt.Component.dispatchEventImpl(Component.java:4993)
at java.desktop/java.awt.Container.dispatchEventImpl(Container.java:2322)
at java.desktop/java.awt.Component.dispatchEvent(Component.java:4825)
at java.desktop/java.awt.LightweightDispatcher.retargetMouseEvent(Container.java:4934)
at java.desktop/java.awt.LightweightDispatcher.processMouseEvent(Container.java:4563)
at java.desktop/java.awt.LightweightDispatcher.dispatchEvent(Container.java:4504)
at java.desktop/java.awt.Container.dispatchEventImpl(Container.java:2308)
at java.desktop/java.awt.Window.dispatchEventImpl(Window.java:2773)
at java.desktop/java.awt.Component.dispatchEvent(Component.java:4825)
at java.desktop/java.awt.EventQueue.dispatchEventImpl(EventQueue.java:772)
at java.desktop/java.awt.EventQueue$4.run(EventQueue.java:721)
at java.desktop/java.awt.EventQueue$4.run(EventQueue.java:715)
at java.base/java.security.AccessController.doPrivileged(AccessController.java:391)
at java.base/java.security.ProtectionDomain$JavaSecurityAccessImpl.doIntersectionPrivilege(ProtectionDomain.java:85)
at java.base/java.security.ProtectionDomain$JavaSecurityAccessImpl.doIntersectionPrivilege(ProtectionDomain.java:95)
at java.desktop/java.awt.EventQueue$5.run(EventQueue.java:745)
at java.desktop/java.awt.EventQueue$5.run(EventQueue.java:743)
at java.base/java.security.AccessController.doPrivileged(AccessController.java:391)
at java.base/java.security.ProtectionDomain$JavaSecurityAccessImpl.doIntersectionPrivilege(ProtectionDomain.java:85)
at java.desktop/java.awt.EventQueue.dispatchEvent(EventQueue.java:742)
at java.desktop/java.awt.EventDispatchThread.pumpOneEventForFilters(EventDispatchThread.java:203)
at java.desktop/java.awt.EventDispatchThread.pumpEventsForFilter(EventDispatchThread.java:124)
at java.desktop/java.awt.EventDispatchThread.pumpEventsForHierarchy(EventDispatchThread.java:113)
at java.desktop/java.awt.EventDispatchThread.pumpEvents(EventDispatchThread.java:109)
at java.desktop/java.awt.EventDispatchThread.pumpEvents(EventDispatchThread.java:101)
at java.desktop/java.awt.EventDispatchThread.run(EventDispatchThread.java:90)
]]>
    </error>
  </testcase> <!-- navigate_to_Verify_Assign_Bed_UI -->
  <system-out/>
  <testcase classname="TestCases.GroupX" name="navigate_to_Nurse_Check_Intra_Ward_Patient_Transfer_UI" time="7.439"/>
  <system-out/>
</testsuite> <!-- TestCases.GroupX -->
