<?xml version="1.0" encoding="UTF-8"?>
<!-- Generated by org.testng.reporters.JUnitXMLReporter -->
<testsuite ignored="0" hostname="DESKTOP-R4CIO73" failures="1" tests="1" name="test" time="139.013" errors="0" timestamp="2022-01-17T16:16:28 EET">
  <testcase classname="TestCases.IP_TC_837" name="navigate_to_Verify_Transfer_Stock_Across_Facilities" time="134.85">
    <failure type="java.lang.AssertionError" message="expected [true] but found [false]">
      <![CDATA[java.lang.AssertionError: expected [true] but found [false]
at PCY_Transfer_Stock_Across_Facilities.Verify_Transfer_Stock_Across_Facilities.transfer_stock(Verify_Transfer_Stock_Across_Facilities.java:221)
at TestCases.IP_TC_837.navigate_to_Verify_Transfer_Stock_Across_Facilities(IP_TC_837.java:37)
at java.base/java.util.ArrayList.forEach(ArrayList.java:1511)
... Removed 31 stack frames]]>
    </failure>
  </testcase> <!-- navigate_to_Verify_Transfer_Stock_Across_Facilities -->
</testsuite> <!-- test -->
